#
# A fatal error has been detected by the Java Runtime Environment:
#
#  SIGSEGV (0xb) at pc=0x00000001054f1e82, pid=730, tid=16643
#
# JRE version: Java(TM) SE Runtime Environment (7.0_79-b15) (build 1.7.0_79-b15)
# Java VM: Java HotSpot(TM) 64-Bit Server VM (24.79-b02 mixed mode bsd-amd64 compressed oops)
# Problematic frame:
# V  [libjvm.dylib+0x2b2e82]  java_lang_String::length(oopDesc*)+0x54
#
# Failed to write core dump. Core dumps have been disabled. To enable core dumping, try "ulimit -c unlimited" before starting Java again
#
# If you would like to submit a bug report, please visit:
#   http://bugreport.java.com/bugreport/crash.jsp
#

---------------  T H R E A D  ---------------

Current thread (0x00007fa299836800):  JavaThread "JDWP Transport Listener: dt_socket" daemon [_thread_in_vm, id=16643, stack(0x00000001118ea000,0x00000001119ea000)]

siginfo:si_signo=SIGSEGV: si_errno=0, si_code=1 (SEGV_MAPERR), si_addr=0x000000000000000c

Registers:
RAX=0x0000000000000000, RBX=0x00000007d57702b0, RCX=0x000000000000000c, RDX=0x0000000000000000
RSP=0x00000001119e9a10, RBP=0x00000001119e9a10, RSI=0x00007fa298529200, RDI=0x00000007d57702b0
R8 =0x0000000000000000, R9 =0x00000000f8000000, R10=0x0000000000000003, R11=0xffff805e793cd580
R12=0x00007fa299836800, R13=0x00007fa29861c640, R14=0x0000000000000000, R15=0x0000000000000000
RIP=0x00000001054f1e82, EFLAGS=0x0000000000010202, ERR=0x0000000000000004
  TRAPNO=0x000000000000000e

Top of Stack: (sp=0x00000001119e9a10)
0x00000001119e9a10:   00000001119e9a40 00000001055217be
0x00000001119e9a20:   0000000000000000 0000000000000000
0x00000001119e9a30:   00000007d57702b0 00007fa2998369e8
0x00000001119e9a40:   00000001119e9ab0 00000001055490a2
0x00000001119e9a50:   00007fa299836800 00007fa299836800
0x00000001119e9a60:   0000000000000000 0000000000000000
0x00000001119e9a70:   00007fa2998369e8 00007fa299836800
0x00000001119e9a80:   00007fa299836800 00000001119e9b08
0x00000001119e9a90:   00007fa298529200 00007fa29861c640
0x00000001119e9aa0:   00000001119e9c90 00007fa2998369e8
0x00000001119e9ab0:   00000001119e9ae0 00000001066074be
0x00000001119e9ac0:   00000001119e9c90 0000000106627dc2
0x00000001119e9ad0:   00000001119e9b08 0000000106633588
0x00000001119e9ae0:   00000001119e9d00 000000010660e642
0x00000001119e9af0:   00000b7b00000013 0000000000010a00
0x00000001119e9b00:   00007fa29861c4f0 00000001119e9b58
0x00000001119e9b10:   00007fa20000012c 00000001119e9b20
0x00000001119e9b20:   00007fa200000000 00000001119e9b58
0x00000001119e9b30:   0000000000000000 00007f0000000000
0x00000001119e9b40:   00000b7b00000013 00007fff00009f80
0x00000001119e9b50:   00000001119e9b58 6e69616d04000000
0x00000001119e9b60:   4200000000000000 000000000a000000
0x00000001119e9b70:   c000000000000000 0400000000000000
0x00000001119e9b80:   00000000040c0000 c100000009000000
0x00000001119e9b90:   0d00000000000000 00000000c2000000
0x00000001119e9ba0:   c400000016000000 1a00000000000000
0x00000001119e9bb0:   00000000c5000000 c800000023000000
0x00000001119e9bc0:   2b00000000000000 00000000c9000000
0x00000001119e9bd0:   cb00000036000000 4200000000000000
0x00000001119e9be0:   04000f00cc000000 0000000000000001
0x00000001119e9bf0:   8d4098a27f000012 0000000000000058
0x00000001119e9c00:   000f00000000002c 0000000000000105 

Instructions: (pc=0x00000001054f1e82)
0x00000001054f1e62:   eb 16 48 8d 35 85 9a 4c 00 8a 4e 08 48 d3 e2 48
0x00000001054f1e72:   03 16 eb 04 48 8b 14 0f 84 c0 0f 94 c0 0f b6 c0
0x00000001054f1e82:   8b 44 82 0c 5d c3 8b 04 07 5d c3 90 55 48 89 e5
0x00000001054f1e92:   f6 87 8d 00 00 00 02 75 04 31 ff eb 23 48 63 87 

Register to memory mapping:

RAX=0x0000000000000000 is an unknown value
RBX=0x00000007d57702b0 is an oop
java.lang.String 
 - klass: 'java/lang/String'
RCX=0x000000000000000c is an unknown value
RDX=0x0000000000000000 is an unknown value
RSP=0x00000001119e9a10 is pointing into the stack for thread: 0x00007fa299836800
RBP=0x00000001119e9a10 is pointing into the stack for thread: 0x00007fa299836800
RSI=0x00007fa298529200 is a global jni handle
RDI=0x00000007d57702b0 is an oop
java.lang.String 
 - klass: 'java/lang/String'
R8 =0x0000000000000000 is an unknown value
R9 =0x00000000f8000000 is an unknown value
R10=0x0000000000000003 is an unknown value
R11=0xffff805e793cd580 is an unknown value
R12=0x00007fa299836800 is a thread
R13=0x00007fa29861c640 is an unknown value
R14=0x0000000000000000 is an unknown value
R15=0x0000000000000000 is an unknown value


Stack: [0x00000001118ea000,0x00000001119ea000],  sp=0x00000001119e9a10,  free space=1022k
Native frames: (J=compiled Java code, j=interpreted, Vv=VM code, C=native code)
V  [libjvm.dylib+0x2b2e82]  java_lang_String::length(oopDesc*)+0x54
V  [libjvm.dylib+0x2e27be]  java_lang_String::utf8_length(oopDesc*)+0x38
V  [libjvm.dylib+0x30a0a2]  jni_GetStringUTFChars+0x71
C  [libjdwp.dylib+0x74be]  value+0x96
C  [libjdwp.dylib+0xe642]  debugLoop_run+0x1ce
C  [libjdwp.dylib+0x1f0e2]  attachThread+0x4d
V  [libjvm.dylib+0x37945a]  JvmtiAgentThread::call_start_function()+0x38
V  [libjvm.dylib+0x4f759d]  JavaThread::thread_main_inner()+0x9b
V  [libjvm.dylib+0x4f8ca5]  JavaThread::run()+0x1a3
V  [libjvm.dylib+0x421c4e]  java_start(Thread*)+0x126
C  [libsystem_pthread.dylib+0x3268]  _pthread_body+0x83
C  [libsystem_pthread.dylib+0x31e5]  _pthread_body+0x0
C  [libsystem_pthread.dylib+0x141d]  thread_start+0xd


---------------  P R O C E S S  ---------------

Java Threads: ( => current thread )
  0x00007fa299035000 JavaThread "Service Thread" daemon [_thread_blocked, id=19203, stack(0x0000000111df9000,0x0000000111ef9000)]
  0x00007fa29880e800 JavaThread "C2 CompilerThread1" daemon [_thread_blocked, id=18691, stack(0x0000000111cf6000,0x0000000111df6000)]
  0x00007fa29983b800 JavaThread "C2 CompilerThread0" daemon [_thread_blocked, id=18179, stack(0x0000000111bf3000,0x0000000111cf3000)]
  0x00007fa29983a000 JavaThread "JDWP Command Reader" daemon [_thread_in_native, id=17667, stack(0x0000000111af0000,0x0000000111bf0000)]
  0x00007fa29a011000 JavaThread "JDWP Event Helper Thread" daemon [_thread_blocked, id=17155, stack(0x00000001119ed000,0x0000000111aed000)]
=>0x00007fa299836800 JavaThread "JDWP Transport Listener: dt_socket" daemon [_thread_in_vm, id=16643, stack(0x00000001118ea000,0x00000001119ea000)]
  0x00007fa299048800 JavaThread "Signal Dispatcher" daemon [_thread_blocked, id=13331, stack(0x00000001117e1000,0x00000001118e1000)]
  0x00007fa299828000 JavaThread "Finalizer" daemon [_thread_blocked, id=11523, stack(0x000000010fdbc000,0x000000010febc000)]
  0x00007fa299827800 JavaThread "Reference Handler" daemon [_thread_blocked, id=11011, stack(0x000000010fcb9000,0x000000010fdb9000)]
  0x00007fa29a002000 JavaThread "main" [_thread_blocked, id=4099, stack(0x0000000105ca3000,0x0000000105da3000)]

Other Threads:
  0x00007fa29880b800 VMThread [stack: 0x000000010fbb6000,0x000000010fcb6000] [id=10499]
  0x00007fa29a000800 WatcherThread [stack: 0x0000000111efc000,0x0000000111ffc000] [id=19715]

VM state:not at safepoint (normal execution)

VM Mutex/Monitor currently owned by a thread: None

Heap
 PSYoungGen      total 38912K, used 2703K [0x00000007d5500000, 0x00000007d8000000, 0x0000000800000000)
  eden space 33792K, 8% used [0x00000007d5500000,0x00000007d57a3ee0,0x00000007d7600000)
  from space 5120K, 0% used [0x00000007d7b00000,0x00000007d7b00000,0x00000007d8000000)
  to   space 5120K, 0% used [0x00000007d7600000,0x00000007d7600000,0x00000007d7b00000)
 ParOldGen       total 87040K, used 0K [0x0000000780000000, 0x0000000785500000, 0x00000007d5500000)
  object space 87040K, 0% used [0x0000000780000000,0x0000000780000000,0x0000000785500000)
 PSPermGen       total 21504K, used 3646K [0x000000077ae00000, 0x000000077c300000, 0x0000000780000000)
  object space 21504K, 16% used [0x000000077ae00000,0x000000077b18fab0,0x000000077c300000)

Card table byte_map: [0x000000010970e000,0x0000000109b38000] byte_map_base: 0x0000000105b37000

Polling page: 0x0000000105df9000

Code Cache  [0x000000010664e000, 0x00000001068be000, 0x000000010964e000)
 total_blobs=197 nmethods=3 adapters=157 free_code_cache=48757Kb largest_free_block=49919296

Compilation events (6 events):
Event: 0.125 Thread 0x00007fa29983b800    1             java.lang.String::hashCode (55 bytes)
Event: 0.128 Thread 0x00007fa29880e800    2             java.lang.String::indexOf (70 bytes)
Event: 0.131 Thread 0x00007fa29983b800 nmethod 1 0x00000001066b2710 code [0x00000001066b2860, 0x00000001066b2a18]
Event: 0.131 Thread 0x00007fa29880e800 nmethod 2 0x00000001066aee10 code [0x00000001066aef60, 0x00000001066af148]
Event: 0.136 Thread 0x00007fa29983b800    3             sun.nio.cs.UTF_8$Encoder::encode (361 bytes)
Event: 0.145 Thread 0x00007fa29983b800 nmethod 3 0x00000001066aca10 code [0x00000001066acba0, 0x00000001066ad288]

GC Heap History (0 events):
No events

Deoptimization events (0 events):
No events

Internal exceptions (10 events):
Event: 0.135 Thread 0x00007fa29a002000 Threw 0x00000007d5703238 at /HUDSON/workspace/7u-2-build-macosx-x86_64/jdk7u79/2331/hotspot/src/share/vm/prims/jvm.cpp:1304
Event: 0.136 Thread 0x00007fa29a002000 Threw 0x00000007d5706a60 at /HUDSON/workspace/7u-2-build-macosx-x86_64/jdk7u79/2331/hotspot/src/share/vm/prims/jvm.cpp:1304
Event: 0.140 Thread 0x00007fa29a002000 Threw 0x00000007d570b078 at /HUDSON/workspace/7u-2-build-macosx-x86_64/jdk7u79/2331/hotspot/src/share/vm/prims/jvm.cpp:1304
Event: 0.140 Thread 0x00007fa29a002000 Threw 0x00000007d570f0e0 at /HUDSON/workspace/7u-2-build-macosx-x86_64/jdk7u79/2331/hotspot/src/share/vm/prims/jvm.cpp:1304
Event: 0.141 Thread 0x00007fa29a002000 Threw 0x00000007d5712598 at /HUDSON/workspace/7u-2-build-macosx-x86_64/jdk7u79/2331/hotspot/src/share/vm/prims/jvm.cpp:1304
Event: 0.151 Thread 0x00007fa29a002000 Threw 0x00000007d5733198 at /HUDSON/workspace/7u-2-build-macosx-x86_64/jdk7u79/2331/hotspot/src/share/vm/prims/jvm.cpp:1304
Event: 0.151 Thread 0x00007fa29a002000 Threw 0x00000007d57332c0 at /HUDSON/workspace/7u-2-build-macosx-x86_64/jdk7u79/2331/hotspot/src/share/vm/prims/jvm.cpp:1304
Event: 0.152 Thread 0x00007fa29a002000 Threw 0x00000007d5736390 at /HUDSON/workspace/7u-2-build-macosx-x86_64/jdk7u79/2331/hotspot/src/share/vm/prims/jvm.cpp:1304
Event: 0.152 Thread 0x00007fa29a002000 Threw 0x00000007d57364b8 at /HUDSON/workspace/7u-2-build-macosx-x86_64/jdk7u79/2331/hotspot/src/share/vm/prims/jvm.cpp:1304
Event: 0.159 Thread 0x00007fa29a002000 Threw 0x00000007d5748f88 at /HUDSON/workspace/7u-2-build-macosx-x86_64/jdk7u79/2331/hotspot/src/share/vm/prims/jvm.cpp:1304

Events (10 events):
Event: 30.823 Executing VM operation: GetCurrentLocation
Event: 30.823 Executing VM operation: GetCurrentLocation done
Event: 30.823 Executing VM operation: ChangeSingleStep
Event: 30.823 Executing VM operation: ChangeSingleStep done
Event: 30.823 Executing VM operation: ChangeSingleStep
Event: 30.823 Executing VM operation: ChangeSingleStep done
Event: 30.902 Executing VM operation: GetOrSetLocal
Event: 30.902 Executing VM operation: GetOrSetLocal done
Event: 30.985 Executing VM operation: GetOrSetLocal
Event: 30.985 Executing VM operation: GetOrSetLocal done


Dynamic libraries:
0x00000000066db000 	/System/Library/Frameworks/Cocoa.framework/Versions/A/Cocoa
0x00000000066db000 	/System/Library/Frameworks/Security.framework/Versions/A/Security
0x00000000066db000 	/System/Library/Frameworks/ApplicationServices.framework/Versions/A/ApplicationServices
0x00000000066db000 	/usr/lib/libz.1.dylib
0x00000000066db000 	/usr/lib/libSystem.B.dylib
0x00000000066db000 	/usr/lib/libobjc.A.dylib
0x00000000066db000 	/System/Library/Frameworks/CoreFoundation.framework/Versions/A/CoreFoundation
0x00000000066db000 	/System/Library/Frameworks/Foundation.framework/Versions/C/Foundation
0x00000000066db000 	/System/Library/Frameworks/AppKit.framework/Versions/C/AppKit
0x00000000066db000 	/System/Library/Frameworks/CoreData.framework/Versions/A/CoreData
0x00000000066db000 	/System/Library/PrivateFrameworks/RemoteViewServices.framework/Versions/A/RemoteViewServices
0x00000000066db000 	/System/Library/PrivateFrameworks/UIFoundation.framework/Versions/A/UIFoundation
0x00000000066db000 	/System/Library/Frameworks/IOSurface.framework/Versions/A/IOSurface
0x00000000066db000 	/System/Library/Frameworks/AudioToolbox.framework/Versions/A/AudioToolbox
0x00000000066db000 	/System/Library/Frameworks/AudioUnit.framework/Versions/A/AudioUnit
0x00000000066db000 	/System/Library/PrivateFrameworks/DataDetectorsCore.framework/Versions/A/DataDetectorsCore
0x00000000066db000 	/System/Library/PrivateFrameworks/DesktopServicesPriv.framework/Versions/A/DesktopServicesPriv
0x00000000066db000 	/System/Library/Frameworks/Carbon.framework/Versions/A/Frameworks/HIToolbox.framework/Versions/A/HIToolbox
0x00000000066db000 	/System/Library/Frameworks/QuartzCore.framework/Versions/A/QuartzCore
0x00000000066db000 	/System/Library/Frameworks/Carbon.framework/Versions/A/Frameworks/SpeechRecognition.framework/Versions/A/SpeechRecognition
0x00000000066db000 	/usr/lib/libauto.dylib
0x00000000066db000 	/usr/lib/libicucore.A.dylib
0x00000000066db000 	/usr/lib/libxml2.2.dylib
0x00000000066db000 	/System/Library/PrivateFrameworks/CoreUI.framework/Versions/A/CoreUI
0x00000000066db000 	/System/Library/Frameworks/CoreAudio.framework/Versions/A/CoreAudio
0x00000000066db000 	/System/Library/Frameworks/DiskArbitration.framework/Versions/A/DiskArbitration
0x00000000066db000 	/usr/lib/liblangid.dylib
0x00000000066db000 	/System/Library/PrivateFrameworks/MultitouchSupport.framework/Versions/A/MultitouchSupport
0x00000000066db000 	/System/Library/Frameworks/IOKit.framework/Versions/A/IOKit
0x00000000066db000 	/usr/lib/libDiagnosticMessagesClient.dylib
0x00000000066db000 	/System/Library/Frameworks/CoreServices.framework/Versions/A/CoreServices
0x00000000066db000 	/System/Library/PrivateFrameworks/PerformanceAnalysis.framework/Versions/A/PerformanceAnalysis
0x00000000066db000 	/System/Library/PrivateFrameworks/GenerationalStorage.framework/Versions/A/GenerationalStorage
0x00000000066db000 	/System/Library/Frameworks/OpenGL.framework/Versions/A/OpenGL
0x00000000066db000 	/System/Library/PrivateFrameworks/Sharing.framework/Versions/A/Sharing
0x00000000066db000 	/System/Library/Frameworks/CoreGraphics.framework/Versions/A/CoreGraphics
0x00000000066db000 	/System/Library/Frameworks/CoreText.framework/Versions/A/CoreText
0x00000000066db000 	/System/Library/Frameworks/ImageIO.framework/Versions/A/ImageIO
0x00000000066db000 	/usr/lib/libextension.dylib
0x00000000066db000 	/System/Library/PrivateFrameworks/Backup.framework/Versions/A/Backup
0x00000000066db000 	/usr/lib/libarchive.2.dylib
0x00000000066db000 	/System/Library/Frameworks/CFNetwork.framework/Versions/A/CFNetwork
0x00000000066db000 	/System/Library/Frameworks/SystemConfiguration.framework/Versions/A/SystemConfiguration
0x00000000066db000 	/usr/lib/libCRFSuite.dylib
0x00000000066db000 	/usr/lib/libc++.1.dylib
0x00000000066db000 	/usr/lib/libc++abi.dylib
0x00000000066db000 	/usr/lib/system/libcache.dylib
0x00000000066db000 	/usr/lib/system/libcommonCrypto.dylib
0x00000000066db000 	/usr/lib/system/libcompiler_rt.dylib
0x00000000066db000 	/usr/lib/system/libcopyfile.dylib
0x00000000066db000 	/usr/lib/system/libcorecrypto.dylib
0x00000000066db000 	/usr/lib/system/libdispatch.dylib
0x00000000066db000 	/usr/lib/system/libdyld.dylib
0x00000000066db000 	/usr/lib/system/libkeymgr.dylib
0x00000000066db000 	/usr/lib/system/liblaunch.dylib
0x00000000066db000 	/usr/lib/system/libmacho.dylib
0x00000000066db000 	/usr/lib/system/libquarantine.dylib
0x00000000066db000 	/usr/lib/system/libremovefile.dylib
0x00000000066db000 	/usr/lib/system/libsystem_asl.dylib
0x00000000066db000 	/usr/lib/system/libsystem_blocks.dylib
0x00000000066db000 	/usr/lib/system/libsystem_c.dylib
0x00000000066db000 	/usr/lib/system/libsystem_configuration.dylib
0x00000000066db000 	/usr/lib/system/libsystem_coreservices.dylib
0x00000000066db000 	/usr/lib/system/libsystem_coretls.dylib
0x00000000066db000 	/usr/lib/system/libsystem_dnssd.dylib
0x00000000066db000 	/usr/lib/system/libsystem_info.dylib
0x00000000066db000 	/usr/lib/system/libsystem_kernel.dylib
0x00000000066db000 	/usr/lib/system/libsystem_m.dylib
0x00000000066db000 	/usr/lib/system/libsystem_malloc.dylib
0x00000000066db000 	/usr/lib/system/libsystem_network.dylib
0x00000000066db000 	/usr/lib/system/libsystem_networkextension.dylib
0x00000000066db000 	/usr/lib/system/libsystem_notify.dylib
0x00000000066db000 	/usr/lib/system/libsystem_platform.dylib
0x00000000066db000 	/usr/lib/system/libsystem_pthread.dylib
0x00000000066db000 	/usr/lib/system/libsystem_sandbox.dylib
0x00000000066db000 	/usr/lib/system/libsystem_secinit.dylib
0x00000000066db000 	/usr/lib/system/libsystem_stats.dylib
0x00000000066db000 	/usr/lib/system/libsystem_trace.dylib
0x00000000066db000 	/usr/lib/system/libunc.dylib
0x00000000066db000 	/usr/lib/system/libunwind.dylib
0x00000000066db000 	/usr/lib/system/libxpc.dylib
0x00000000066db000 	/usr/lib/libbz2.1.0.dylib
0x00000000066db000 	/usr/lib/liblzma.5.dylib
0x00000000066db000 	/usr/lib/libbsm.0.dylib
0x00000000066db000 	/usr/lib/libsqlite3.dylib
0x00000000066db000 	/usr/lib/system/libkxld.dylib
0x00000000066db000 	/usr/lib/libxar.1.dylib
0x00000000066db000 	/usr/lib/libpam.2.dylib
0x00000000066db000 	/usr/lib/libOpenScriptingUtil.dylib
0x00000000066db000 	/System/Library/Frameworks/CoreServices.framework/Versions/A/Frameworks/FSEvents.framework/Versions/A/FSEvents
0x00000000066db000 	/System/Library/Frameworks/CoreServices.framework/Versions/A/Frameworks/CarbonCore.framework/Versions/A/CarbonCore
0x00000000066db000 	/System/Library/Frameworks/CoreServices.framework/Versions/A/Frameworks/Metadata.framework/Versions/A/Metadata
0x00000000066db000 	/System/Library/Frameworks/CoreServices.framework/Versions/A/Frameworks/OSServices.framework/Versions/A/OSServices
0x00000000066db000 	/System/Library/Frameworks/CoreServices.framework/Versions/A/Frameworks/SearchKit.framework/Versions/A/SearchKit
0x00000000066db000 	/System/Library/Frameworks/CoreServices.framework/Versions/A/Frameworks/AE.framework/Versions/A/AE
0x00000000066db000 	/System/Library/Frameworks/CoreServices.framework/Versions/A/Frameworks/LaunchServices.framework/Versions/A/LaunchServices
0x00000000066db000 	/System/Library/Frameworks/CoreServices.framework/Versions/A/Frameworks/DictionaryServices.framework/Versions/A/DictionaryServices
0x00000000066db000 	/System/Library/Frameworks/NetFS.framework/Versions/A/NetFS
0x00000000066db000 	/System/Library/PrivateFrameworks/NetAuth.framework/Versions/A/NetAuth
0x00000000066db000 	/System/Library/PrivateFrameworks/login.framework/Versions/A/Frameworks/loginsupport.framework/Versions/A/loginsupport
0x00000000066db000 	/System/Library/PrivateFrameworks/TCC.framework/Versions/A/TCC
0x00000000066db000 	/usr/lib/libmecabra.dylib
0x00000000066db000 	/System/Library/Frameworks/ApplicationServices.framework/Versions/A/Frameworks/ATS.framework/Versions/A/ATS
0x00000000066db000 	/System/Library/Frameworks/ApplicationServices.framework/Versions/A/Frameworks/ColorSync.framework/Versions/A/ColorSync
0x00000000066db000 	/System/Library/Frameworks/ApplicationServices.framework/Versions/A/Frameworks/HIServices.framework/Versions/A/HIServices
0x00000000066db000 	/System/Library/Frameworks/ApplicationServices.framework/Versions/A/Frameworks/LangAnalysis.framework/Versions/A/LangAnalysis
0x00000000066db000 	/System/Library/Frameworks/ApplicationServices.framework/Versions/A/Frameworks/PrintCore.framework/Versions/A/PrintCore
0x00000000066db000 	/System/Library/Frameworks/ApplicationServices.framework/Versions/A/Frameworks/QD.framework/Versions/A/QD
0x00000000066db000 	/System/Library/Frameworks/ApplicationServices.framework/Versions/A/Frameworks/SpeechSynthesis.framework/Versions/A/SpeechSynthesis
0x00000000066db000 	/System/Library/Frameworks/Accelerate.framework/Versions/A/Accelerate
0x00000000066db000 	/System/Library/Frameworks/Accelerate.framework/Versions/A/Frameworks/vImage.framework/Versions/A/vImage
0x00000000066db000 	/System/Library/Frameworks/Accelerate.framework/Versions/A/Frameworks/vecLib.framework/Versions/A/vecLib
0x00000000066db000 	/System/Library/Frameworks/Accelerate.framework/Versions/A/Frameworks/vecLib.framework/Versions/A/libvDSP.dylib
0x00000000066db000 	/System/Library/Frameworks/Accelerate.framework/Versions/A/Frameworks/vecLib.framework/Versions/A/libvMisc.dylib
0x00000000066db000 	/System/Library/Frameworks/Accelerate.framework/Versions/A/Frameworks/vecLib.framework/Versions/A/libLAPACK.dylib
0x00000000066db000 	/System/Library/Frameworks/Accelerate.framework/Versions/A/Frameworks/vecLib.framework/Versions/A/libBLAS.dylib
0x00000000066db000 	/System/Library/Frameworks/Accelerate.framework/Versions/A/Frameworks/vecLib.framework/Versions/A/libLinearAlgebra.dylib
0x00000000066db000 	/System/Library/Frameworks/ApplicationServices.framework/Versions/A/Frameworks/ATS.framework/Versions/A/Resources/libFontParser.dylib
0x00000000066db000 	/System/Library/Frameworks/ApplicationServices.framework/Versions/A/Frameworks/ATS.framework/Versions/A/Resources/libFontRegistry.dylib
0x00000000066db000 	/System/Library/PrivateFrameworks/AppleVPA.framework/Versions/A/AppleVPA
0x00000000066db000 	/System/Library/PrivateFrameworks/AppleJPEG.framework/Versions/A/AppleJPEG
0x00000000066db000 	/System/Library/Frameworks/ImageIO.framework/Versions/A/Resources/libJPEG.dylib
0x00000000066db000 	/System/Library/Frameworks/ImageIO.framework/Versions/A/Resources/libTIFF.dylib
0x00000000066db000 	/System/Library/Frameworks/ImageIO.framework/Versions/A/Resources/libPng.dylib
0x00000000066db000 	/System/Library/Frameworks/ImageIO.framework/Versions/A/Resources/libGIF.dylib
0x00000000066db000 	/System/Library/Frameworks/ImageIO.framework/Versions/A/Resources/libJP2.dylib
0x00000000066db000 	/System/Library/Frameworks/ImageIO.framework/Versions/A/Resources/libRadiance.dylib
0x00000000066db000 	/System/Library/Frameworks/CoreVideo.framework/Versions/A/CoreVideo
0x00000000066db000 	/System/Library/Frameworks/OpenGL.framework/Versions/A/Libraries/libGLU.dylib
0x00000000066db000 	/System/Library/Frameworks/OpenGL.framework/Versions/A/Libraries/libGFXShared.dylib
0x00000000066db000 	/System/Library/Frameworks/OpenGL.framework/Versions/A/Libraries/libGL.dylib
0x00000000066db000 	/System/Library/Frameworks/OpenGL.framework/Versions/A/Libraries/libGLImage.dylib
0x00000000066db000 	/System/Library/Frameworks/OpenGL.framework/Versions/A/Libraries/libCVMSPluginSupport.dylib
0x00000000066db000 	/System/Library/Frameworks/OpenGL.framework/Versions/A/Libraries/libCoreVMClient.dylib
0x00000000066db000 	/usr/lib/libcups.2.dylib
0x00000000066db000 	/System/Library/Frameworks/Kerberos.framework/Versions/A/Kerberos
0x00000000066db000 	/System/Library/Frameworks/GSS.framework/Versions/A/GSS
0x00000000066db000 	/usr/lib/libresolv.9.dylib
0x00000000066db000 	/usr/lib/libiconv.2.dylib
0x00000000066db000 	/System/Library/PrivateFrameworks/Heimdal.framework/Versions/A/Heimdal
0x00000000066db000 	/usr/lib/libheimdal-asn1.dylib
0x00000000066db000 	/System/Library/Frameworks/OpenDirectory.framework/Versions/A/OpenDirectory
0x00000000066db000 	/System/Library/PrivateFrameworks/CommonAuth.framework/Versions/A/CommonAuth
0x00000000066db000 	/System/Library/Frameworks/OpenDirectory.framework/Versions/A/Frameworks/CFOpenDirectory.framework/Versions/A/CFOpenDirectory
0x00000000066db000 	/System/Library/Frameworks/SecurityFoundation.framework/Versions/A/SecurityFoundation
0x00000000066db000 	/System/Library/PrivateFrameworks/LanguageModeling.framework/Versions/A/LanguageModeling
0x00000000066db000 	/usr/lib/libcmph.dylib
0x00000000066db000 	/System/Library/Frameworks/ServiceManagement.framework/Versions/A/ServiceManagement
0x00000000066db000 	/usr/lib/libxslt.1.dylib
0x00000000066db000 	/System/Library/Frameworks/Carbon.framework/Versions/A/Frameworks/Ink.framework/Versions/A/Ink
0x00000000066db000 	/System/Library/Frameworks/QuartzCore.framework/Versions/A/Frameworks/CoreImage.framework/Versions/A/CoreImage
0x00000000066db000 	/System/Library/PrivateFrameworks/CrashReporterSupport.framework/Versions/A/CrashReporterSupport
0x00000000066db000 	/System/Library/Frameworks/OpenCL.framework/Versions/A/OpenCL
0x00000000066db000 	/System/Library/PrivateFrameworks/FaceCore.framework/Versions/A/FaceCore
0x00000000066db000 	/System/Library/PrivateFrameworks/Ubiquity.framework/Versions/A/Ubiquity
0x00000000066db000 	/System/Library/PrivateFrameworks/IconServices.framework/Versions/A/IconServices
0x00000000066db000 	/System/Library/PrivateFrameworks/ChunkingLibrary.framework/Versions/A/ChunkingLibrary
0x00000000066db000 	/System/Library/PrivateFrameworks/Apple80211.framework/Versions/A/Apple80211
0x00000000066db000 	/System/Library/Frameworks/CoreWLAN.framework/Versions/A/CoreWLAN
0x00000000066db000 	/System/Library/Frameworks/IOBluetooth.framework/Versions/A/IOBluetooth
0x00000000066db000 	/System/Library/PrivateFrameworks/CoreWiFi.framework/Versions/A/CoreWiFi
0x00000000066db000 	/System/Library/Frameworks/CoreBluetooth.framework/Versions/A/CoreBluetooth
0x00000000066db000 	/System/Library/PrivateFrameworks/DebugSymbols.framework/Versions/A/DebugSymbols
0x00000000066db000 	/System/Library/PrivateFrameworks/CoreSymbolication.framework/Versions/A/CoreSymbolication
0x00000000066db000 	/System/Library/PrivateFrameworks/Symbolication.framework/Versions/A/Symbolication
0x00000000066db000 	/System/Library/PrivateFrameworks/SpeechRecognitionCore.framework/Versions/A/SpeechRecognitionCore
0x000000010523f000 	/Library/Java/JavaVirtualMachines/jdk1.7.0_79.jdk/Contents/Home/jre/lib/server/libjvm.dylib
0x00000000066db000 	/usr/lib/libstdc++.6.dylib
0x0000000105dbc000 	/Library/Java/JavaVirtualMachines/jdk1.7.0_79.jdk/Contents/Home/jre/lib/libverify.dylib
0x0000000105dc9000 	/Library/Java/JavaVirtualMachines/jdk1.7.0_79.jdk/Contents/Home/jre/lib/libjava.dylib
0x0000000106600000 	/Library/Java/JavaVirtualMachines/jdk1.7.0_79.jdk/Contents/Home/jre/lib/libjdwp.dylib
0x0000000105dfa000 	/Library/Java/JavaVirtualMachines/jdk1.7.0_79.jdk/Contents/Home/jre/lib/libnpt.dylib
0x0000000106645000 	/Library/Java/JavaVirtualMachines/jdk1.7.0_79.jdk/Contents/Home/jre/lib/libzip.dylib
0x000000010febe000 	/System/Library/Frameworks/JavaVM.framework/Frameworks/JavaRuntimeSupport.framework/JavaRuntimeSupport
0x000000010fed6000 	/System/Library/Frameworks/JavaVM.framework/Versions/A/Frameworks/JavaNativeFoundation.framework/Versions/A/JavaNativeFoundation
0x000000010feeb000 	/System/Library/Frameworks/JavaVM.framework/Versions/A/JavaVM
0x00000000066db000 	/System/Library/Frameworks/Carbon.framework/Versions/A/Carbon
0x000000010fef8000 	/System/Library/PrivateFrameworks/JavaLaunching.framework/Versions/A/JavaLaunching
0x00000000066db000 	/System/Library/Frameworks/Carbon.framework/Versions/A/Frameworks/CommonPanels.framework/Versions/A/CommonPanels
0x00000000066db000 	/System/Library/Frameworks/Carbon.framework/Versions/A/Frameworks/Help.framework/Versions/A/Help
0x00000000066db000 	/System/Library/Frameworks/Carbon.framework/Versions/A/Frameworks/ImageCapture.framework/Versions/A/ImageCapture
0x00000000066db000 	/System/Library/Frameworks/Carbon.framework/Versions/A/Frameworks/OpenScripting.framework/Versions/A/OpenScripting
0x00000000066db000 	/System/Library/Frameworks/Carbon.framework/Versions/A/Frameworks/Print.framework/Versions/A/Print
0x00000000066db000 	/System/Library/Frameworks/Carbon.framework/Versions/A/Frameworks/SecurityHI.framework/Versions/A/SecurityHI
0x00000001118e3000 	/Library/Java/JavaVirtualMachines/jdk1.7.0_79.jdk/Contents/Home/jre/lib/libdt_socket.dylib
0x000000011203a000 	/Library/Java/JavaVirtualMachines/jdk1.7.0_79.jdk/Contents/Home/jre/lib/libnet.dylib

VM Arguments:
jvm_args: -agentlib:jdwp=transport=dt_socket,suspend=y,address=localhost:49292 -Dfile.encoding=UTF-8 
java_command: it.polimi.ingsw.beribinaghi.clientSetup.EscapeFromTheAliensInOuterSpace
Launcher Type: SUN_STANDARD

Environment Variables:
PATH=/usr/bin:/bin:/usr/sbin:/sbin
SHELL=/bin/bash
DISPLAY=/private/tmp/com.apple.launchd.yz4vScq4U0/org.macosforge.xquartz:0

Signal Handlers:
SIGSEGV: [libjvm.dylib+0x52daf1], sa_mask[0]=0xfffefeff, sa_flags=0x00000043
SIGBUS: [libjvm.dylib+0x52daf1], sa_mask[0]=0xfffefeff, sa_flags=0x00000042
SIGFPE: [libjvm.dylib+0x41f34e], sa_mask[0]=0xfffefeff, sa_flags=0x00000042
SIGPIPE: [libjvm.dylib+0x41f34e], sa_mask[0]=0xfffefeff, sa_flags=0x00000042
SIGXFSZ: [libjvm.dylib+0x41f34e], sa_mask[0]=0xfffefeff, sa_flags=0x00000042
SIGILL: [libjvm.dylib+0x41f34e], sa_mask[0]=0xfffefeff, sa_flags=0x00000042
SIGUSR1: SIG_DFL, sa_mask[0]=0x00000000, sa_flags=0x00000000
SIGUSR2: [libjvm.dylib+0x41ee40], sa_mask[0]=0x00000004, sa_flags=0x00000042
SIGHUP: [libjvm.dylib+0x41d0d1], sa_mask[0]=0xfffefeff, sa_flags=0x00000042
SIGINT: [libjvm.dylib+0x41d0d1], sa_mask[0]=0xfffefeff, sa_flags=0x00000042
SIGTERM: [libjvm.dylib+0x41d0d1], sa_mask[0]=0xfffefeff, sa_flags=0x00000042
SIGQUIT: [libjvm.dylib+0x41d0d1], sa_mask[0]=0xfffefeff, sa_flags=0x00000042


---------------  S Y S T E M  ---------------

OS:Bsduname:Darwin 14.3.0 Darwin Kernel Version 14.3.0: Mon Mar 23 11:59:05 PDT 2015; root:xnu-2782.20.48~5/RELEASE_X86_64 x86_64
rlimit: STACK 8192k, CORE 0k, NPROC 709, NOFILE 10240, AS infinity
load average:1.56 1.50 1.51

CPU:total 4 (2 cores per cpu, 2 threads per core) family 6 model 58 stepping 9, cmov, cx8, fxsr, mmx, sse, sse2, sse3, ssse3, sse4.1, sse4.2, popcnt, avx, aes, erms, ht, tsc, tscinvbit, tscinv

Memory: 4k page, physical 8388608k(2097152k free)

/proc/meminfo:


vm_info: Java HotSpot(TM) 64-Bit Server VM (24.79-b02) for bsd-amd64 JRE (1.7.0_79-b15), built on Apr 10 2015 11:35:04 by "java_re" with gcc 4.2.1 (Based on Apple Inc. build 5658) (LLVM build 2336.11.00)

time: Wed May 13 21:23:46 2015
elapsed time: 31 seconds

